::1 - - [11/Nov/2020:11:33:30 +0200] "GET / HTTP/1.1" 200 461
::1 - - [11/Nov/2020:11:33:30 +0200] "GET /favicon.ico HTTP/1.1" 404 299
::1 - - [11/Nov/2020:11:35:27 +0200] "GET / HTTP/1.1" 404 82451
::1 - - [11/Nov/2020:11:35:27 +0200] "GET /_wdt/66e83b HTTP/1.1" 404 299
::1 - - [11/Nov/2020:11:35:28 +0200] "GET /_wdt/66e83b HTTP/1.1" 404 299
::1 - - [11/Nov/2020:11:35:29 +0200] "GET /_wdt/66e83b HTTP/1.1" 404 299
::1 - - [11/Nov/2020:11:35:30 +0200] "GET /_wdt/66e83b HTTP/1.1" 404 299
::1 - - [11/Nov/2020:11:35:31 +0200] "GET /_wdt/66e83b HTTP/1.1" 404 299
::1 - - [11/Nov/2020:11:39:02 +0200] "GET / HTTP/1.1" 200 51361
::1 - - [11/Nov/2020:11:39:04 +0200] "GET /_wdt/c1b12f HTTP/1.1" 404 299
::1 - - [11/Nov/2020:11:39:05 +0200] "GET /_wdt/c1b12f HTTP/1.1" 404 299
::1 - - [11/Nov/2020:11:39:06 +0200] "GET /_wdt/c1b12f HTTP/1.1" 404 299
::1 - - [11/Nov/2020:11:39:07 +0200] "GET /_wdt/c1b12f HTTP/1.1" 404 299
::1 - - [11/Nov/2020:11:39:08 +0200] "GET /_wdt/c1b12f HTTP/1.1" 404 299
::1 - - [11/Nov/2020:11:39:08 +0200] "GET /_profiler/open?file=C:/development/php/challenge-twig/templates/index/index.html.twig&line=0 HTTP/1.1" 404 299
::1 - - [11/Nov/2020:11:39:11 +0200] "GET /_wdt/c1b12f HTTP/1.1" 404 299
::1 - - [11/Nov/2020:11:39:13 +0200] "GET /_wdt/c1b12f HTTP/1.1" 404 299
::1 - - [11/Nov/2020:11:39:15 +0200] "GET /_wdt/c1b12f HTTP/1.1" 404 299
::1 - - [11/Nov/2020:11:39:17 +0200] "GET /_wdt/c1b12f HTTP/1.1" 404 299
::1 - - [11/Nov/2020:11:39:42 +0200] "GET / HTTP/1.1" 200 50614
::1 - - [11/Nov/2020:11:39:43 +0200] "GET /_wdt/15fcbf HTTP/1.1" 404 299
::1 - - [11/Nov/2020:11:39:44 +0200] "GET /_wdt/15fcbf HTTP/1.1" 404 299
::1 - - [11/Nov/2020:11:39:45 +0200] "GET /_wdt/15fcbf HTTP/1.1" 404 299
::1 - - [11/Nov/2020:11:39:47 +0200] "GET /_wdt/15fcbf HTTP/1.1" 404 299
::1 - - [11/Nov/2020:11:39:49 +0200] "GET /_wdt/15fcbf HTTP/1.1" 404 299
::1 - - [11/Nov/2020:12:12:18 +0200] "GET / HTTP/1.1" 500 163480
::1 - - [11/Nov/2020:12:12:20 +0200] "GET /_wdt/ed317d HTTP/1.1" 404 299
::1 - - [11/Nov/2020:12:12:21 +0200] "GET /_wdt/ed317d HTTP/1.1" 404 299
::1 - - [11/Nov/2020:12:12:22 +0200] "GET /_wdt/ed317d HTTP/1.1" 404 299
::1 - - [11/Nov/2020:12:12:23 +0200] "GET /_wdt/ed317d HTTP/1.1" 404 299
::1 - - [11/Nov/2020:12:12:25 +0200] "GET /_wdt/ed317d HTTP/1.1" 404 299
::1 - - [11/Nov/2020:12:14:09 +0200] "GET / HTTP/1.1" 200 50774
::1 - - [11/Nov/2020:12:14:09 +0200] "GET /_wdt/2ea92a HTTP/1.1" 404 299
::1 - - [11/Nov/2020:12:14:10 +0200] "GET /_wdt/2ea92a HTTP/1.1" 404 299
::1 - - [11/Nov/2020:12:14:11 +0200] "GET /_wdt/2ea92a HTTP/1.1" 404 299
::1 - - [11/Nov/2020:12:14:12 +0200] "GET /_wdt/2ea92a HTTP/1.1" 404 299
::1 - - [11/Nov/2020:12:14:12 +0200] "POST / HTTP/1.1" 200 50783
::1 - - [11/Nov/2020:12:14:13 +0200] "GET /_wdt/a4649b HTTP/1.1" 404 299
::1 - - [11/Nov/2020:12:14:14 +0200] "GET /_wdt/a4649b HTTP/1.1" 404 299
::1 - - [11/Nov/2020:12:14:15 +0200] "GET /_wdt/a4649b HTTP/1.1" 404 299
::1 - - [11/Nov/2020:12:14:15 +0200] "POST / HTTP/1.1" 200 50776
::1 - - [11/Nov/2020:12:14:15 +0200] "GET /_wdt/369ddb HTTP/1.1" 404 299
::1 - - [11/Nov/2020:12:14:16 +0200] "GET /_wdt/369ddb HTTP/1.1" 404 299
::1 - - [11/Nov/2020:12:14:17 +0200] "GET /_wdt/369ddb HTTP/1.1" 404 299
::1 - - [11/Nov/2020:12:14:19 +0200] "GET /_wdt/369ddb HTTP/1.1" 404 299
::1 - - [11/Nov/2020:12:14:21 +0200] "GET /_wdt/369ddb HTTP/1.1" 404 299
::1 - - [11/Nov/2020:12:16:10 +0200] "POST / HTTP/1.1" 500 260700
::1 - - [11/Nov/2020:12:16:11 +0200] "GET /_wdt/1e3fb4 HTTP/1.1" 404 299
::1 - - [11/Nov/2020:12:16:12 +0200] "GET /_wdt/1e3fb4 HTTP/1.1" 404 299
::1 - - [11/Nov/2020:12:16:13 +0200] "GET /_wdt/1e3fb4 HTTP/1.1" 404 299
::1 - - [11/Nov/2020:12:16:14 +0200] "GET /_wdt/1e3fb4 HTTP/1.1" 404 299
::1 - - [11/Nov/2020:12:16:15 +0200] "GET /_wdt/1e3fb4 HTTP/1.1" 404 299
::1 - - [11/Nov/2020:12:16:24 +0200] "POST / HTTP/1.1" 200 50788
::1 - - [11/Nov/2020:12:16:24 +0200] "GET /_wdt/4130be HTTP/1.1" 404 299
::1 - - [11/Nov/2020:12:16:25 +0200] "GET /_wdt/4130be HTTP/1.1" 404 299
::1 - - [11/Nov/2020:12:16:26 +0200] "GET /_wdt/4130be HTTP/1.1" 404 299
::1 - - [11/Nov/2020:12:16:26 +0200] "POST / HTTP/1.1" 200 50757
::1 - - [11/Nov/2020:12:16:27 +0200] "GET /_wdt/329a29 HTTP/1.1" 404 299
::1 - - [11/Nov/2020:12:16:28 +0200] "GET /_wdt/329a29 HTTP/1.1" 404 299
::1 - - [11/Nov/2020:12:16:29 +0200] "GET /_wdt/329a29 HTTP/1.1" 404 299
::1 - - [11/Nov/2020:12:16:30 +0200] "GET /_wdt/329a29 HTTP/1.1" 404 299
::1 - - [11/Nov/2020:12:16:31 +0200] "GET /_wdt/329a29 HTTP/1.1" 404 299
::1 - - [11/Nov/2020:12:18:21 +0200] "POST / HTTP/1.1" 200 50762
::1 - - [11/Nov/2020:12:18:22 +0200] "GET /_wdt/02ae71 HTTP/1.1" 404 299
::1 - - [11/Nov/2020:12:18:23 +0200] "GET /_wdt/02ae71 HTTP/1.1" 404 299
::1 - - [11/Nov/2020:12:18:24 +0200] "GET /_wdt/02ae71 HTTP/1.1" 404 299
::1 - - [11/Nov/2020:12:18:25 +0200] "GET /_wdt/02ae71 HTTP/1.1" 404 299
::1 - - [11/Nov/2020:12:18:25 +0200] "POST / HTTP/1.1" 200 50802
::1 - - [11/Nov/2020:12:18:26 +0200] "GET /_wdt/8aae2e HTTP/1.1" 404 299
::1 - - [11/Nov/2020:12:18:27 +0200] "GET /_wdt/8aae2e HTTP/1.1" 404 299
::1 - - [11/Nov/2020:12:18:28 +0200] "GET /_wdt/8aae2e HTTP/1.1" 404 299
::1 - - [11/Nov/2020:12:18:30 +0200] "GET /_wdt/8aae2e HTTP/1.1" 404 299
::1 - - [11/Nov/2020:12:18:32 +0200] "GET /_wdt/8aae2e HTTP/1.1" 404 299
::1 - - [11/Nov/2020:12:20:10 +0200] "POST / HTTP/1.1" 500 199193
::1 - - [11/Nov/2020:12:20:13 +0200] "GET /_wdt/eda4bd HTTP/1.1" 404 299
::1 - - [11/Nov/2020:12:20:14 +0200] "GET /_wdt/eda4bd HTTP/1.1" 404 299
::1 - - [11/Nov/2020:12:20:15 +0200] "GET /_wdt/eda4bd HTTP/1.1" 404 299
::1 - - [11/Nov/2020:12:20:16 +0200] "GET /_wdt/eda4bd HTTP/1.1" 404 299
::1 - - [11/Nov/2020:12:20:17 +0200] "GET /_wdt/eda4bd HTTP/1.1" 404 299
::1 - - [11/Nov/2020:12:24:29 +0200] "POST / HTTP/1.1" 200 50802
::1 - - [11/Nov/2020:12:24:31 +0200] "GET /_wdt/885abc HTTP/1.1" 404 299
::1 - - [11/Nov/2020:12:24:32 +0200] "GET /_wdt/885abc HTTP/1.1" 404 299
::1 - - [11/Nov/2020:12:24:33 +0200] "GET /_wdt/885abc HTTP/1.1" 404 299
::1 - - [11/Nov/2020:12:24:34 +0200] "GET /_wdt/885abc HTTP/1.1" 404 299
::1 - - [11/Nov/2020:12:24:35 +0200] "GET /_wdt/885abc HTTP/1.1" 404 299
::1 - - [11/Nov/2020:12:24:59 +0200] "POST / HTTP/1.1" 200 50802
::1 - - [11/Nov/2020:12:24:59 +0200] "GET /_wdt/6adb48 HTTP/1.1" 404 299
::1 - - [11/Nov/2020:12:25:00 +0200] "GET /_wdt/6adb48 HTTP/1.1" 404 299
::1 - - [11/Nov/2020:12:25:01 +0200] "GET /_wdt/6adb48 HTTP/1.1" 404 299
::1 - - [11/Nov/2020:12:25:02 +0200] "GET /_wdt/6adb48 HTTP/1.1" 404 299
::1 - - [11/Nov/2020:12:25:03 +0200] "GET /_wdt/6adb48 HTTP/1.1" 404 299
::1 - - [11/Nov/2020:12:29:12 +0200] "POST / HTTP/1.1" 500 199193
::1 - - [11/Nov/2020:12:29:14 +0200] "GET /_wdt/96232a HTTP/1.1" 404 299
::1 - - [11/Nov/2020:12:29:15 +0200] "GET /_wdt/96232a HTTP/1.1" 404 299
::1 - - [11/Nov/2020:12:29:16 +0200] "GET /_wdt/96232a HTTP/1.1" 404 299
::1 - - [11/Nov/2020:12:29:17 +0200] "GET /_wdt/96232a HTTP/1.1" 404 299
::1 - - [11/Nov/2020:12:29:18 +0200] "GET /_wdt/96232a HTTP/1.1" 404 299
::1 - - [11/Nov/2020:12:32:58 +0200] "POST / HTTP/1.1" 200 50802
::1 - - [11/Nov/2020:12:33:00 +0200] "GET /_wdt/d85507 HTTP/1.1" 404 299
::1 - - [11/Nov/2020:12:33:01 +0200] "GET /_wdt/d85507 HTTP/1.1" 404 299
::1 - - [11/Nov/2020:12:33:02 +0200] "GET /_wdt/d85507 HTTP/1.1" 404 299
::1 - - [11/Nov/2020:12:33:04 +0200] "GET /_wdt/d85507 HTTP/1.1" 404 299
::1 - - [11/Nov/2020:12:33:06 +0200] "GET /_wdt/d85507 HTTP/1.1" 404 299
::1 - - [11/Nov/2020:12:33:23 +0200] "POST / HTTP/1.1" 200 50802
::1 - - [11/Nov/2020:12:33:25 +0200] "GET /_wdt/10db82 HTTP/1.1" 404 299
::1 - - [11/Nov/2020:12:33:27 +0200] "GET /_wdt/10db82 HTTP/1.1" 404 299
::1 - - [11/Nov/2020:12:33:28 +0200] "GET /_wdt/10db82 HTTP/1.1" 404 299
::1 - - [11/Nov/2020:12:33:30 +0200] "GET /_wdt/10db82 HTTP/1.1" 404 299
::1 - - [11/Nov/2020:12:33:32 +0200] "GET /_wdt/10db82 HTTP/1.1" 404 299
::1 - - [11/Nov/2020:12:47:13 +0200] "POST / HTTP/1.1" 200 50802
::1 - - [11/Nov/2020:12:47:15 +0200] "GET /_wdt/7c648c HTTP/1.1" 404 299
::1 - - [11/Nov/2020:12:47:16 +0200] "GET /_wdt/7c648c HTTP/1.1" 404 299
::1 - - [11/Nov/2020:12:47:16 +0200] "POST / HTTP/1.1" 200 50762
::1 - - [11/Nov/2020:12:47:17 +0200] "GET /_wdt/78a724 HTTP/1.1" 404 299
::1 - - [11/Nov/2020:12:47:18 +0200] "GET /_wdt/78a724 HTTP/1.1" 404 299
::1 - - [11/Nov/2020:12:47:19 +0200] "GET /_wdt/78a724 HTTP/1.1" 404 299
::1 - - [11/Nov/2020:12:47:20 +0200] "GET /_wdt/78a724 HTTP/1.1" 404 299
::1 - - [11/Nov/2020:12:47:20 +0200] "POST / HTTP/1.1" 500 172844
::1 - - [11/Nov/2020:12:47:20 +0200] "GET /_wdt/b3aa8e HTTP/1.1" 404 299
::1 - - [11/Nov/2020:12:47:21 +0200] "GET /_wdt/b3aa8e HTTP/1.1" 404 299
::1 - - [11/Nov/2020:12:47:22 +0200] "GET /_wdt/b3aa8e HTTP/1.1" 404 299
::1 - - [11/Nov/2020:12:47:23 +0200] "GET /_wdt/b3aa8e HTTP/1.1" 404 299
::1 - - [11/Nov/2020:12:47:24 +0200] "POST / HTTP/1.1" 500 172844
::1 - - [11/Nov/2020:12:47:25 +0200] "GET /_wdt/ff515e HTTP/1.1" 404 299
::1 - - [11/Nov/2020:12:47:26 +0200] "GET /_wdt/ff515e HTTP/1.1" 404 299
::1 - - [11/Nov/2020:12:47:27 +0200] "GET /_wdt/ff515e HTTP/1.1" 404 299
::1 - - [11/Nov/2020:12:47:28 +0200] "GET /_wdt/ff515e HTTP/1.1" 404 299
::1 - - [11/Nov/2020:12:47:29 +0200] "GET /_wdt/ff515e HTTP/1.1" 404 299
::1 - - [11/Nov/2020:12:48:55 +0200] "POST / HTTP/1.1" 200 50795
::1 - - [11/Nov/2020:12:48:56 +0200] "GET /_wdt/a7d52a HTTP/1.1" 404 299
::1 - - [11/Nov/2020:12:48:57 +0200] "GET /_wdt/a7d52a HTTP/1.1" 404 299
::1 - - [11/Nov/2020:12:48:58 +0200] "GET /_wdt/a7d52a HTTP/1.1" 404 299
::1 - - [11/Nov/2020:12:48:59 +0200] "GET /_wdt/a7d52a HTTP/1.1" 404 299
::1 - - [11/Nov/2020:12:48:59 +0200] "POST / HTTP/1.1" 200 50795
::1 - - [11/Nov/2020:12:48:59 +0200] "GET /_wdt/f4e9da HTTP/1.1" 404 299
::1 - - [11/Nov/2020:12:49:00 +0200] "GET /_wdt/f4e9da HTTP/1.1" 404 299
::1 - - [11/Nov/2020:12:49:02 +0200] "GET /_wdt/f4e9da HTTP/1.1" 404 299
::1 - - [11/Nov/2020:12:49:03 +0200] "GET /_wdt/f4e9da HTTP/1.1" 404 299
::1 - - [11/Nov/2020:12:49:05 +0200] "GET /_wdt/f4e9da HTTP/1.1" 404 299
::1 - - [11/Nov/2020:12:49:17 +0200] "POST / HTTP/1.1" 200 50795
::1 - - [11/Nov/2020:12:49:17 +0200] "GET /_wdt/da322b HTTP/1.1" 404 299
::1 - - [11/Nov/2020:12:49:18 +0200] "GET /_wdt/da322b HTTP/1.1" 404 299
::1 - - [11/Nov/2020:12:49:20 +0200] "GET /_wdt/da322b HTTP/1.1" 404 299
::1 - - [11/Nov/2020:12:49:21 +0200] "GET /_wdt/da322b HTTP/1.1" 404 299
::1 - - [11/Nov/2020:12:49:22 +0200] "GET /_wdt/da322b HTTP/1.1" 404 299
::1 - - [11/Nov/2020:12:49:36 +0200] "POST / HTTP/1.1" 200 50795
::1 - - [11/Nov/2020:12:49:36 +0200] "GET /_wdt/fca89a HTTP/1.1" 404 299
::1 - - [11/Nov/2020:12:49:37 +0200] "GET /_wdt/fca89a HTTP/1.1" 404 299
::1 - - [11/Nov/2020:12:49:38 +0200] "GET /_wdt/fca89a HTTP/1.1" 404 299
::1 - - [11/Nov/2020:12:49:39 +0200] "GET /_wdt/fca89a HTTP/1.1" 404 299
::1 - - [11/Nov/2020:12:49:41 +0200] "GET /_wdt/fca89a HTTP/1.1" 404 299
::1 - - [11/Nov/2020:12:49:46 +0200] "POST / HTTP/1.1" 200 50796
::1 - - [11/Nov/2020:12:49:47 +0200] "GET /_wdt/5ddffd HTTP/1.1" 404 299
::1 - - [11/Nov/2020:12:49:48 +0200] "GET /_wdt/5ddffd HTTP/1.1" 404 299
::1 - - [11/Nov/2020:12:49:49 +0200] "GET /_wdt/5ddffd HTTP/1.1" 404 299
::1 - - [11/Nov/2020:12:49:50 +0200] "GET /_wdt/5ddffd HTTP/1.1" 404 299
::1 - - [11/Nov/2020:12:49:50 +0200] "POST / HTTP/1.1" 200 50796
::1 - - [11/Nov/2020:12:49:50 +0200] "GET /_wdt/5b7aee HTTP/1.1" 404 299
::1 - - [11/Nov/2020:12:49:51 +0200] "GET /_wdt/5b7aee HTTP/1.1" 404 299
::1 - - [11/Nov/2020:12:49:52 +0200] "GET /_wdt/5b7aee HTTP/1.1" 404 299
::1 - - [11/Nov/2020:12:49:53 +0200] "GET /_wdt/5b7aee HTTP/1.1" 404 299
::1 - - [11/Nov/2020:12:49:55 +0200] "GET /_wdt/5b7aee HTTP/1.1" 404 299
::1 - - [11/Nov/2020:13:57:39 +0200] "POST / HTTP/1.1" 500 55541
::1 - - [11/Nov/2020:13:58:39 +0200] "POST / HTTP/1.1" 500 175529
::1 - - [11/Nov/2020:13:58:42 +0200] "GET /_wdt/467d30 HTTP/1.1" 404 299
::1 - - [11/Nov/2020:13:58:43 +0200] "GET /_wdt/467d30 HTTP/1.1" 404 299
::1 - - [11/Nov/2020:13:58:44 +0200] "GET /_wdt/467d30 HTTP/1.1" 404 299
::1 - - [11/Nov/2020:13:58:45 +0200] "GET /_wdt/467d30 HTTP/1.1" 404 299
::1 - - [11/Nov/2020:13:58:46 +0200] "GET /_wdt/467d30 HTTP/1.1" 404 299
::1 - - [11/Nov/2020:13:59:08 +0200] "POST / HTTP/1.1" 500 175529
::1 - - [11/Nov/2020:13:59:09 +0200] "GET /_wdt/a8ed2c HTTP/1.1" 404 299
::1 - - [11/Nov/2020:13:59:10 +0200] "GET /_wdt/a8ed2c HTTP/1.1" 404 299
::1 - - [11/Nov/2020:13:59:11 +0200] "GET /_wdt/a8ed2c HTTP/1.1" 404 299
::1 - - [11/Nov/2020:13:59:12 +0200] "GET /_wdt/a8ed2c HTTP/1.1" 404 299
::1 - - [11/Nov/2020:13:59:13 +0200] "GET /_wdt/a8ed2c HTTP/1.1" 404 299
::1 - - [11/Nov/2020:13:59:36 +0200] "GET / HTTP/1.1" 200 50953
::1 - - [11/Nov/2020:13:59:36 +0200] "GET /_wdt/af6bad HTTP/1.1" 404 299
::1 - - [11/Nov/2020:13:59:37 +0200] "GET /_wdt/af6bad HTTP/1.1" 404 299
::1 - - [11/Nov/2020:13:59:38 +0200] "GET /_wdt/af6bad HTTP/1.1" 404 299
::1 - - [11/Nov/2020:13:59:39 +0200] "GET /_wdt/af6bad HTTP/1.1" 404 299
::1 - - [11/Nov/2020:13:59:40 +0200] "POST / HTTP/1.1" 200 50988
::1 - - [11/Nov/2020:13:59:40 +0200] "GET /_wdt/cd8bb6 HTTP/1.1" 404 299
::1 - - [11/Nov/2020:13:59:41 +0200] "GET /_wdt/cd8bb6 HTTP/1.1" 404 299
::1 - - [11/Nov/2020:13:59:42 +0200] "GET /_wdt/cd8bb6 HTTP/1.1" 404 299
::1 - - [11/Nov/2020:13:59:43 +0200] "GET /_wdt/cd8bb6 HTTP/1.1" 404 299
::1 - - [11/Nov/2020:13:59:45 +0200] "GET /_wdt/cd8bb6 HTTP/1.1" 404 299
::1 - - [11/Nov/2020:14:00:35 +0200] "POST / HTTP/1.1" 200 50988
::1 - - [11/Nov/2020:14:00:35 +0200] "GET /_wdt/6754e9 HTTP/1.1" 404 299
::1 - - [11/Nov/2020:14:00:36 +0200] "GET /_wdt/6754e9 HTTP/1.1" 404 299
::1 - - [11/Nov/2020:14:00:37 +0200] "GET /_wdt/6754e9 HTTP/1.1" 404 299
::1 - - [11/Nov/2020:14:00:39 +0200] "GET /_wdt/6754e9 HTTP/1.1" 404 299
::1 - - [11/Nov/2020:14:00:41 +0200] "GET /_wdt/6754e9 HTTP/1.1" 404 299
::1 - - [11/Nov/2020:14:00:47 +0200] "POST / HTTP/1.1" 200 50988
::1 - - [11/Nov/2020:14:00:49 +0200] "GET /_wdt/0b8c34 HTTP/1.1" 404 299
::1 - - [11/Nov/2020:14:00:50 +0200] "GET /_wdt/0b8c34 HTTP/1.1" 404 299
::1 - - [11/Nov/2020:14:00:51 +0200] "GET /_wdt/0b8c34 HTTP/1.1" 404 299
::1 - - [11/Nov/2020:14:00:53 +0200] "GET /_wdt/0b8c34 HTTP/1.1" 404 299
::1 - - [11/Nov/2020:14:00:55 +0200] "GET /_wdt/0b8c34 HTTP/1.1" 404 299
::1 - - [11/Nov/2020:14:01:08 +0200] "POST / HTTP/1.1" 200 50988
::1 - - [11/Nov/2020:14:01:09 +0200] "GET /_wdt/5ea678 HTTP/1.1" 404 299
::1 - - [11/Nov/2020:14:01:10 +0200] "GET /_wdt/5ea678 HTTP/1.1" 404 299
::1 - - [11/Nov/2020:14:01:11 +0200] "GET /_wdt/5ea678 HTTP/1.1" 404 299
::1 - - [11/Nov/2020:14:01:12 +0200] "GET /_wdt/5ea678 HTTP/1.1" 404 299
::1 - - [11/Nov/2020:14:01:13 +0200] "GET /_wdt/5ea678 HTTP/1.1" 404 299
::1 - - [11/Nov/2020:14:01:13 +0200] "POST / HTTP/1.1" 200 50986
::1 - - [11/Nov/2020:14:01:13 +0200] "GET /_wdt/d43eac HTTP/1.1" 404 299
::1 - - [11/Nov/2020:14:01:14 +0200] "GET /_wdt/d43eac HTTP/1.1" 404 299
::1 - - [11/Nov/2020:14:01:15 +0200] "GET /_wdt/d43eac HTTP/1.1" 404 299
::1 - - [11/Nov/2020:14:01:16 +0200] "GET /_wdt/d43eac HTTP/1.1" 404 299
::1 - - [11/Nov/2020:14:01:17 +0200] "GET /_wdt/d43eac HTTP/1.1" 404 299
::1 - - [11/Nov/2020:14:01:17 +0200] "POST / HTTP/1.1" 200 50999
::1 - - [11/Nov/2020:14:01:17 +0200] "GET /_wdt/8c1000 HTTP/1.1" 404 299
::1 - - [11/Nov/2020:14:01:18 +0200] "GET /_wdt/8c1000 HTTP/1.1" 404 299
::1 - - [11/Nov/2020:14:01:19 +0200] "GET /_wdt/8c1000 HTTP/1.1" 404 299
::1 - - [11/Nov/2020:14:01:20 +0200] "GET /_wdt/8c1000 HTTP/1.1" 404 299
::1 - - [11/Nov/2020:14:01:21 +0200] "GET /_wdt/8c1000 HTTP/1.1" 404 299
::1 - - [11/Nov/2020:14:01:24 +0200] "POST / HTTP/1.1" 200 50991
::1 - - [11/Nov/2020:14:01:24 +0200] "GET /_wdt/be1ff8 HTTP/1.1" 404 299
::1 - - [11/Nov/2020:14:01:25 +0200] "GET /_wdt/be1ff8 HTTP/1.1" 404 299
::1 - - [11/Nov/2020:14:01:26 +0200] "GET /_wdt/be1ff8 HTTP/1.1" 404 299
::1 - - [11/Nov/2020:14:01:27 +0200] "GET /_wdt/be1ff8 HTTP/1.1" 404 299
::1 - - [11/Nov/2020:14:01:29 +0200] "GET /_wdt/be1ff8 HTTP/1.1" 404 299
::1 - - [11/Nov/2020:14:01:32 +0200] "POST / HTTP/1.1" 200 50953
::1 - - [11/Nov/2020:14:01:32 +0200] "GET /_wdt/7eabd6 HTTP/1.1" 404 299
::1 - - [11/Nov/2020:14:01:34 +0200] "GET /_wdt/7eabd6 HTTP/1.1" 404 299
::1 - - [11/Nov/2020:14:01:35 +0200] "GET /_wdt/7eabd6 HTTP/1.1" 404 299
::1 - - [11/Nov/2020:14:01:37 +0200] "GET /_wdt/7eabd6 HTTP/1.1" 404 299
::1 - - [11/Nov/2020:14:01:38 +0200] "GET /_wdt/7eabd6 HTTP/1.1" 404 299
::1 - - [11/Nov/2020:14:01:42 +0200] "POST / HTTP/1.1" 200 50953
::1 - - [11/Nov/2020:14:01:43 +0200] "GET /_wdt/35a381 HTTP/1.1" 404 299
::1 - - [11/Nov/2020:14:01:44 +0200] "GET /_wdt/35a381 HTTP/1.1" 404 299
::1 - - [11/Nov/2020:14:01:45 +0200] "GET /_wdt/35a381 HTTP/1.1" 404 299
::1 - - [11/Nov/2020:14:01:47 +0200] "GET /_wdt/35a381 HTTP/1.1" 404 299
::1 - - [11/Nov/2020:14:01:49 +0200] "GET /_wdt/35a381 HTTP/1.1" 404 299
::1 - - [11/Nov/2020:14:02:52 +0200] "POST / HTTP/1.1" 200 50986
::1 - - [11/Nov/2020:14:02:54 +0200] "GET /_wdt/a87fab HTTP/1.1" 404 299
::1 - - [11/Nov/2020:14:02:55 +0200] "GET /_wdt/a87fab HTTP/1.1" 404 299
::1 - - [11/Nov/2020:14:02:56 +0200] "GET /_wdt/a87fab HTTP/1.1" 404 299
::1 - - [11/Nov/2020:14:02:58 +0200] "GET /_wdt/a87fab HTTP/1.1" 404 299
::1 - - [11/Nov/2020:14:03:00 +0200] "GET /_wdt/a87fab HTTP/1.1" 404 299
::1 - - [11/Nov/2020:14:04:20 +0200] "POST / HTTP/1.1" 200 50986
::1 - - [11/Nov/2020:14:04:20 +0200] "GET /_wdt/a83ee9 HTTP/1.1" 404 299
::1 - - [11/Nov/2020:14:04:21 +0200] "GET /_wdt/a83ee9 HTTP/1.1" 404 299
::1 - - [11/Nov/2020:14:04:23 +0200] "GET /_wdt/a83ee9 HTTP/1.1" 404 299
::1 - - [11/Nov/2020:14:04:25 +0200] "GET /_wdt/a83ee9 HTTP/1.1" 404 299
::1 - - [11/Nov/2020:14:04:27 +0200] "GET /_wdt/a83ee9 HTTP/1.1" 404 299
::1 - - [11/Nov/2020:14:04:59 +0200] "POST / HTTP/1.1" 200 50986
::1 - - [11/Nov/2020:14:04:59 +0200] "GET /_wdt/200cdd HTTP/1.1" 404 299
::1 - - [11/Nov/2020:14:05:00 +0200] "GET /_wdt/200cdd HTTP/1.1" 404 299
::1 - - [11/Nov/2020:14:05:02 +0200] "GET /_wdt/200cdd HTTP/1.1" 404 299
::1 - - [11/Nov/2020:14:05:03 +0200] "GET /_wdt/200cdd HTTP/1.1" 404 299
::1 - - [11/Nov/2020:14:05:04 +0200] "GET /_wdt/200cdd HTTP/1.1" 404 299
::1 - - [11/Nov/2020:14:05:31 +0200] "POST / HTTP/1.1" 200 50986
::1 - - [11/Nov/2020:14:05:31 +0200] "GET /_wdt/574441 HTTP/1.1" 404 299
::1 - - [11/Nov/2020:14:05:32 +0200] "GET /_wdt/574441 HTTP/1.1" 404 299
::1 - - [11/Nov/2020:14:05:34 +0200] "GET /_wdt/574441 HTTP/1.1" 404 299
::1 - - [11/Nov/2020:14:05:36 +0200] "GET /_wdt/574441 HTTP/1.1" 404 299
::1 - - [11/Nov/2020:14:05:37 +0200] "GET /_wdt/574441 HTTP/1.1" 404 299
::1 - - [11/Nov/2020:14:06:20 +0200] "POST / HTTP/1.1" 200 50986
::1 - - [11/Nov/2020:14:06:20 +0200] "GET /_wdt/f25d4d HTTP/1.1" 404 299
::1 - - [11/Nov/2020:14:06:21 +0200] "GET /_wdt/f25d4d HTTP/1.1" 404 299
::1 - - [11/Nov/2020:14:06:23 +0200] "GET /_wdt/f25d4d HTTP/1.1" 404 299
::1 - - [11/Nov/2020:14:06:24 +0200] "GET /_wdt/f25d4d HTTP/1.1" 404 299
::1 - - [11/Nov/2020:14:06:24 +0200] "POST / HTTP/1.1" 200 50986
::1 - - [11/Nov/2020:14:06:24 +0200] "GET /_wdt/f212d7 HTTP/1.1" 404 299
::1 - - [11/Nov/2020:14:06:26 +0200] "GET /_wdt/f212d7 HTTP/1.1" 404 299
::1 - - [11/Nov/2020:14:06:27 +0200] "GET /_wdt/f212d7 HTTP/1.1" 404 299
::1 - - [11/Nov/2020:14:06:29 +0200] "GET /_wdt/f212d7 HTTP/1.1" 404 299
::1 - - [11/Nov/2020:14:06:31 +0200] "GET /_wdt/f212d7 HTTP/1.1" 404 299
::1 - - [11/Nov/2020:14:07:26 +0200] "POST / HTTP/1.1" 200 50986
::1 - - [11/Nov/2020:14:07:26 +0200] "GET /_wdt/d4374b HTTP/1.1" 404 299
::1 - - [11/Nov/2020:14:07:28 +0200] "GET /_wdt/d4374b HTTP/1.1" 404 299
::1 - - [11/Nov/2020:14:07:30 +0200] "GET /_wdt/d4374b HTTP/1.1" 404 299
::1 - - [11/Nov/2020:14:07:32 +0200] "GET /_wdt/d4374b HTTP/1.1" 404 299
::1 - - [11/Nov/2020:14:07:34 +0200] "GET /_wdt/d4374b HTTP/1.1" 404 299
::1 - - [11/Nov/2020:14:07:40 +0200] "POST / HTTP/1.1" 200 50996
::1 - - [11/Nov/2020:14:07:40 +0200] "GET /_wdt/cd6eab HTTP/1.1" 404 299
::1 - - [11/Nov/2020:14:07:41 +0200] "GET /_wdt/cd6eab HTTP/1.1" 404 299
::1 - - [11/Nov/2020:14:07:43 +0200] "GET /_wdt/cd6eab HTTP/1.1" 404 299
::1 - - [11/Nov/2020:14:07:45 +0200] "GET /_wdt/cd6eab HTTP/1.1" 404 299
::1 - - [11/Nov/2020:14:07:47 +0200] "GET /_wdt/cd6eab HTTP/1.1" 404 299
::1 - - [11/Nov/2020:14:26:35 +0200] "POST / HTTP/1.1" 500 201200
::1 - - [11/Nov/2020:14:26:38 +0200] "GET /_wdt/458d9c HTTP/1.1" 404 299
::1 - - [11/Nov/2020:14:26:39 +0200] "GET /_wdt/458d9c HTTP/1.1" 404 299
::1 - - [11/Nov/2020:14:26:40 +0200] "GET /_wdt/458d9c HTTP/1.1" 404 299
::1 - - [11/Nov/2020:14:26:41 +0200] "GET /_wdt/458d9c HTTP/1.1" 404 299
::1 - - [11/Nov/2020:14:26:42 +0200] "GET /_wdt/458d9c HTTP/1.1" 404 299
::1 - - [11/Nov/2020:14:27:00 +0200] "POST / HTTP/1.1" 200 50986
::1 - - [11/Nov/2020:14:27:02 +0200] "GET /_wdt/39e6bd HTTP/1.1" 404 299
::1 - - [11/Nov/2020:14:27:03 +0200] "GET /_wdt/39e6bd HTTP/1.1" 404 299
::1 - - [11/Nov/2020:14:27:04 +0200] "GET /_wdt/39e6bd HTTP/1.1" 404 299
::1 - - [11/Nov/2020:14:27:05 +0200] "GET /_wdt/39e6bd HTTP/1.1" 404 299
::1 - - [11/Nov/2020:14:27:06 +0200] "GET /_wdt/39e6bd HTTP/1.1" 404 299
::1 - - [11/Nov/2020:14:27:06 +0200] "POST / HTTP/1.1" 200 50995
::1 - - [11/Nov/2020:14:27:06 +0200] "GET /_wdt/653352 HTTP/1.1" 404 299
::1 - - [11/Nov/2020:14:27:07 +0200] "GET /_wdt/653352 HTTP/1.1" 404 299
::1 - - [11/Nov/2020:14:27:07 +0200] "POST / HTTP/1.1" 200 50953
::1 - - [11/Nov/2020:14:27:08 +0200] "GET /_wdt/9de69f HTTP/1.1" 404 299
::1 - - [11/Nov/2020:14:27:09 +0200] "GET /_wdt/9de69f HTTP/1.1" 404 299
::1 - - [11/Nov/2020:14:27:09 +0200] "POST / HTTP/1.1" 200 50986
::1 - - [11/Nov/2020:14:27:09 +0200] "GET /_wdt/3469d7 HTTP/1.1" 404 299
::1 - - [11/Nov/2020:14:27:10 +0200] "GET /_wdt/3469d7 HTTP/1.1" 404 299
::1 - - [11/Nov/2020:14:27:11 +0200] "GET /_wdt/3469d7 HTTP/1.1" 404 299
::1 - - [11/Nov/2020:14:27:12 +0200] "GET /_wdt/3469d7 HTTP/1.1" 404 299
::1 - - [11/Nov/2020:14:27:13 +0200] "POST / HTTP/1.1" 200 50998
::1 - - [11/Nov/2020:14:27:13 +0200] "GET /_wdt/9b3c64 HTTP/1.1" 404 299
::1 - - [11/Nov/2020:14:27:14 +0200] "GET /_wdt/9b3c64 HTTP/1.1" 404 299
::1 - - [11/Nov/2020:14:27:15 +0200] "GET / HTTP/1.1" 200 50953
::1 - - [11/Nov/2020:14:27:15 +0200] "GET /_wdt/b8c83a HTTP/1.1" 404 299
::1 - - [11/Nov/2020:14:27:16 +0200] "GET /_wdt/b8c83a HTTP/1.1" 404 299
::1 - - [11/Nov/2020:14:27:17 +0200] "GET /_wdt/b8c83a HTTP/1.1" 404 299
::1 - - [11/Nov/2020:14:27:19 +0200] "GET /_wdt/b8c83a HTTP/1.1" 404 299
::1 - - [11/Nov/2020:14:27:21 +0200] "GET /_wdt/b8c83a HTTP/1.1" 404 299
::1 - - [11/Nov/2020:14:29:03 +0200] "GET / HTTP/1.1" 500 475460
::1 - - [11/Nov/2020:14:29:14 +0200] "GET / HTTP/1.1" 500 475460
::1 - - [11/Nov/2020:14:29:29 +0200] "GET / HTTP/1.1" 200 50953
::1 - - [11/Nov/2020:14:29:29 +0200] "GET /_wdt/22faca HTTP/1.1" 404 299
::1 - - [11/Nov/2020:14:29:30 +0200] "GET /_wdt/22faca HTTP/1.1" 404 299
::1 - - [11/Nov/2020:14:29:31 +0200] "GET /_wdt/22faca HTTP/1.1" 404 299
::1 - - [11/Nov/2020:14:29:32 +0200] "POST / HTTP/1.1" 200 50986
::1 - - [11/Nov/2020:14:29:32 +0200] "GET /_wdt/336a26 HTTP/1.1" 404 299
::1 - - [11/Nov/2020:14:29:33 +0200] "GET /_wdt/336a26 HTTP/1.1" 404 299
::1 - - [11/Nov/2020:14:29:34 +0200] "GET /_wdt/336a26 HTTP/1.1" 404 299
::1 - - [11/Nov/2020:14:29:35 +0200] "GET /_wdt/336a26 HTTP/1.1" 404 299
::1 - - [11/Nov/2020:14:29:36 +0200] "GET /_wdt/336a26 HTTP/1.1" 404 299
::1 - - [11/Nov/2020:14:29:37 +0200] "POST / HTTP/1.1" 200 51002
::1 - - [11/Nov/2020:14:29:37 +0200] "GET /_wdt/f9c190 HTTP/1.1" 404 299
::1 - - [11/Nov/2020:14:29:39 +0200] "GET /_wdt/f9c190 HTTP/1.1" 404 299
::1 - - [11/Nov/2020:14:29:40 +0200] "GET /_wdt/f9c190 HTTP/1.1" 404 299
::1 - - [11/Nov/2020:14:29:42 +0200] "GET /_wdt/f9c190 HTTP/1.1" 404 299
::1 - - [11/Nov/2020:14:29:44 +0200] "GET /_wdt/f9c190 HTTP/1.1" 404 299
::1 - - [11/Nov/2020:14:33:11 +0200] "POST / HTTP/1.1" 500 199940
::1 - - [11/Nov/2020:14:33:13 +0200] "GET /_wdt/a5cef0 HTTP/1.1" 404 299
::1 - - [11/Nov/2020:14:33:14 +0200] "GET /_wdt/a5cef0 HTTP/1.1" 404 299
::1 - - [11/Nov/2020:14:33:15 +0200] "GET /_wdt/a5cef0 HTTP/1.1" 404 299
::1 - - [11/Nov/2020:14:33:16 +0200] "GET /_wdt/a5cef0 HTTP/1.1" 404 299
::1 - - [11/Nov/2020:14:33:17 +0200] "GET /_wdt/a5cef0 HTTP/1.1" 404 299
::1 - - [11/Nov/2020:14:35:25 +0200] "POST / HTTP/1.1" 500 199940
::1 - - [11/Nov/2020:14:35:27 +0200] "GET /_wdt/072db7 HTTP/1.1" 404 299
::1 - - [11/Nov/2020:14:35:28 +0200] "GET /_wdt/072db7 HTTP/1.1" 404 299
::1 - - [11/Nov/2020:14:35:29 +0200] "GET /_wdt/072db7 HTTP/1.1" 404 299
::1 - - [11/Nov/2020:14:35:30 +0200] "GET /_wdt/072db7 HTTP/1.1" 404 299
::1 - - [11/Nov/2020:14:35:31 +0200] "GET /_wdt/072db7 HTTP/1.1" 404 299
::1 - - [11/Nov/2020:14:35:39 +0200] "POST / HTTP/1.1" 200 50986
::1 - - [11/Nov/2020:14:35:41 +0200] "GET /_wdt/eae47a HTTP/1.1" 404 299
::1 - - [11/Nov/2020:14:35:42 +0200] "GET /_wdt/eae47a HTTP/1.1" 404 299
::1 - - [11/Nov/2020:14:35:43 +0200] "GET /_wdt/eae47a HTTP/1.1" 404 299
::1 - - [11/Nov/2020:14:35:43 +0200] "POST / HTTP/1.1" 200 50994
::1 - - [11/Nov/2020:14:35:44 +0200] "GET /_wdt/d8a6b1 HTTP/1.1" 404 299
::1 - - [11/Nov/2020:14:35:45 +0200] "GET /_wdt/d8a6b1 HTTP/1.1" 404 299
::1 - - [11/Nov/2020:14:35:46 +0200] "GET /_wdt/d8a6b1 HTTP/1.1" 404 299
::1 - - [11/Nov/2020:14:35:47 +0200] "GET /_wdt/d8a6b1 HTTP/1.1" 404 299
::1 - - [11/Nov/2020:14:35:48 +0200] "GET /_wdt/d8a6b1 HTTP/1.1" 404 299
::1 - - [11/Nov/2020:14:35:48 +0200] "POST / HTTP/1.1" 200 51012
::1 - - [11/Nov/2020:14:35:48 +0200] "GET /_wdt/7f5620 HTTP/1.1" 404 299
::1 - - [11/Nov/2020:14:35:49 +0200] "GET /_wdt/7f5620 HTTP/1.1" 404 299
::1 - - [11/Nov/2020:14:35:51 +0200] "GET /_wdt/7f5620 HTTP/1.1" 404 299
::1 - - [11/Nov/2020:14:35:53 +0200] "GET /_wdt/7f5620 HTTP/1.1" 404 299
::1 - - [11/Nov/2020:14:35:54 +0200] "GET /_wdt/7f5620 HTTP/1.1" 404 299
::1 - - [11/Nov/2020:17:53:02 +0200] "POST / HTTP/1.1" 200 51012
::1 - - [11/Nov/2020:17:53:03 +0200] "GET /_wdt/ffd5cb HTTP/1.1" 404 299
::1 - - [11/Nov/2020:17:53:04 +0200] "GET /_wdt/ffd5cb HTTP/1.1" 404 299
::1 - - [11/Nov/2020:17:53:06 +0200] "GET /_wdt/ffd5cb HTTP/1.1" 404 299
::1 - - [11/Nov/2020:17:53:07 +0200] "GET /_wdt/ffd5cb HTTP/1.1" 404 299
::1 - - [11/Nov/2020:17:53:07 +0200] "POST / HTTP/1.1" 200 50953
::1 - - [11/Nov/2020:17:53:07 +0200] "GET /_wdt/3a99fe HTTP/1.1" 404 299
::1 - - [11/Nov/2020:17:53:08 +0200] "GET /_wdt/3a99fe HTTP/1.1" 404 299
::1 - - [11/Nov/2020:17:53:09 +0200] "POST / HTTP/1.1" 200 50990
::1 - - [11/Nov/2020:17:53:09 +0200] "GET /_wdt/f96347 HTTP/1.1" 404 299
::1 - - [11/Nov/2020:17:53:10 +0200] "GET /_wdt/f96347 HTTP/1.1" 404 299
::1 - - [11/Nov/2020:17:53:11 +0200] "GET /_wdt/f96347 HTTP/1.1" 404 299
::1 - - [11/Nov/2020:17:53:13 +0200] "GET /_wdt/f96347 HTTP/1.1" 404 299
::1 - - [11/Nov/2020:17:53:15 +0200] "GET /_wdt/f96347 HTTP/1.1" 404 299
::1 - - [11/Nov/2020:17:53:33 +0200] "POST / HTTP/1.1" 200 50989
::1 - - [11/Nov/2020:17:53:33 +0200] "GET /_wdt/592a17 HTTP/1.1" 404 299
::1 - - [11/Nov/2020:17:53:34 +0200] "GET /_wdt/592a17 HTTP/1.1" 404 299
::1 - - [11/Nov/2020:17:53:36 +0200] "GET /_wdt/592a17 HTTP/1.1" 404 299
::1 - - [11/Nov/2020:17:53:38 +0200] "GET /_wdt/592a17 HTTP/1.1" 404 299
::1 - - [11/Nov/2020:17:53:40 +0200] "GET /_wdt/592a17 HTTP/1.1" 404 299
::1 - - [11/Nov/2020:18:35:16 +0200] "POST / HTTP/1.1" 200 50988
::1 - - [11/Nov/2020:18:35:16 +0200] "GET /_wdt/75b691 HTTP/1.1" 404 299
::1 - - [11/Nov/2020:18:35:17 +0200] "GET /_wdt/75b691 HTTP/1.1" 404 299
::1 - - [11/Nov/2020:18:35:18 +0200] "GET /_wdt/75b691 HTTP/1.1" 404 299
::1 - - [11/Nov/2020:18:35:19 +0200] "GET /_wdt/75b691 HTTP/1.1" 404 299
::1 - - [11/Nov/2020:18:35:19 +0200] "POST / HTTP/1.1" 200 50998
::1 - - [11/Nov/2020:18:35:20 +0200] "GET /_wdt/f39766 HTTP/1.1" 404 299
::1 - - [11/Nov/2020:18:35:21 +0200] "GET /_wdt/f39766 HTTP/1.1" 404 299
::1 - - [11/Nov/2020:18:35:22 +0200] "GET /_wdt/f39766 HTTP/1.1" 404 299
::1 - - [11/Nov/2020:18:35:22 +0200] "POST / HTTP/1.1" 200 50953
::1 - - [11/Nov/2020:18:35:22 +0200] "GET /_wdt/da7d81 HTTP/1.1" 404 299
::1 - - [11/Nov/2020:18:35:23 +0200] "GET /_wdt/da7d81 HTTP/1.1" 404 299
::1 - - [11/Nov/2020:18:35:24 +0200] "GET /_wdt/da7d81 HTTP/1.1" 404 299
::1 - - [11/Nov/2020:18:35:25 +0200] "GET /_wdt/da7d81 HTTP/1.1" 404 299
::1 - - [11/Nov/2020:18:35:27 +0200] "GET /_wdt/da7d81 HTTP/1.1" 404 299
::1 - - [11/Nov/2020:18:37:11 +0200] "POST / HTTP/1.1" 200 50953
::1 - - [11/Nov/2020:18:37:14 +0200] "GET /_wdt/5f369b HTTP/1.1" 404 299
::1 - - [11/Nov/2020:18:37:15 +0200] "GET /_wdt/5f369b HTTP/1.1" 404 299
::1 - - [11/Nov/2020:18:37:16 +0200] "GET /_wdt/5f369b HTTP/1.1" 404 299
::1 - - [11/Nov/2020:18:37:17 +0200] "GET /_wdt/5f369b HTTP/1.1" 404 299
::1 - - [11/Nov/2020:18:37:19 +0200] "GET /_wdt/5f369b HTTP/1.1" 404 299
::1 - - [11/Nov/2020:18:37:36 +0200] "POST / HTTP/1.1" 200 50953
::1 - - [11/Nov/2020:18:37:36 +0200] "GET /_wdt/0f3f87 HTTP/1.1" 404 299
::1 - - [11/Nov/2020:18:37:37 +0200] "GET /_wdt/0f3f87 HTTP/1.1" 404 299
::1 - - [11/Nov/2020:18:37:39 +0200] "GET /_wdt/0f3f87 HTTP/1.1" 404 299
::1 - - [11/Nov/2020:18:37:40 +0200] "GET /_wdt/0f3f87 HTTP/1.1" 404 299
::1 - - [11/Nov/2020:18:37:42 +0200] "GET /_wdt/0f3f87 HTTP/1.1" 404 299
::1 - - [11/Nov/2020:18:38:01 +0200] "POST / HTTP/1.1" 200 50953
::1 - - [11/Nov/2020:18:38:02 +0200] "GET /_wdt/bd405c HTTP/1.1" 404 299
::1 - - [11/Nov/2020:18:38:03 +0200] "GET /_wdt/bd405c HTTP/1.1" 404 299
::1 - - [11/Nov/2020:18:38:04 +0200] "GET /_wdt/bd405c HTTP/1.1" 404 299
::1 - - [11/Nov/2020:18:38:05 +0200] "GET /_wdt/bd405c HTTP/1.1" 404 299
::1 - - [11/Nov/2020:18:38:05 +0200] "POST / HTTP/1.1" 200 50990
::1 - - [11/Nov/2020:18:38:05 +0200] "GET /_wdt/0eea68 HTTP/1.1" 404 299
::1 - - [11/Nov/2020:18:38:07 +0200] "GET /_wdt/0eea68 HTTP/1.1" 404 299
::1 - - [11/Nov/2020:18:38:08 +0200] "GET /_wdt/0eea68 HTTP/1.1" 404 299
::1 - - [11/Nov/2020:18:38:09 +0200] "GET /_wdt/0eea68 HTTP/1.1" 404 299
::1 - - [11/Nov/2020:18:38:10 +0200] "POST / HTTP/1.1" 200 50987
::1 - - [11/Nov/2020:18:38:10 +0200] "GET /_wdt/381088 HTTP/1.1" 404 299
::1 - - [11/Nov/2020:18:38:11 +0200] "GET /_wdt/381088 HTTP/1.1" 404 299
::1 - - [11/Nov/2020:18:38:12 +0200] "GET /_wdt/381088 HTTP/1.1" 404 299
::1 - - [11/Nov/2020:18:38:13 +0200] "GET /_wdt/381088 HTTP/1.1" 404 299
::1 - - [11/Nov/2020:18:38:14 +0200] "GET /_wdt/381088 HTTP/1.1" 404 299
::1 - - [11/Nov/2020:18:38:15 +0200] "POST / HTTP/1.1" 200 50998
::1 - - [11/Nov/2020:18:38:15 +0200] "GET /_wdt/391e61 HTTP/1.1" 404 299
::1 - - [11/Nov/2020:18:38:16 +0200] "GET /_wdt/391e61 HTTP/1.1" 404 299
::1 - - [11/Nov/2020:18:38:18 +0200] "GET /_wdt/391e61 HTTP/1.1" 404 299
::1 - - [11/Nov/2020:18:38:20 +0200] "GET /_wdt/391e61 HTTP/1.1" 404 299
::1 - - [11/Nov/2020:18:38:22 +0200] "GET /_wdt/391e61 HTTP/1.1" 404 299
::1 - - [11/Nov/2020:18:38:36 +0200] "POST / HTTP/1.1" 200 50953
::1 - - [11/Nov/2020:18:38:36 +0200] "GET /_wdt/190c75 HTTP/1.1" 404 299
::1 - - [11/Nov/2020:18:38:37 +0200] "GET /_wdt/190c75 HTTP/1.1" 404 299
::1 - - [11/Nov/2020:18:38:38 +0200] "GET /_wdt/190c75 HTTP/1.1" 404 299
::1 - - [11/Nov/2020:18:38:39 +0200] "GET /_wdt/190c75 HTTP/1.1" 404 299
::1 - - [11/Nov/2020:18:38:40 +0200] "GET /_wdt/190c75 HTTP/1.1" 404 299
::1 - - [11/Nov/2020:18:38:43 +0200] "POST / HTTP/1.1" 200 50991
::1 - - [11/Nov/2020:18:38:43 +0200] "GET /_wdt/5d40f1 HTTP/1.1" 404 299
::1 - - [11/Nov/2020:18:38:44 +0200] "GET /_wdt/5d40f1 HTTP/1.1" 404 299
::1 - - [11/Nov/2020:18:38:46 +0200] "GET /_wdt/5d40f1 HTTP/1.1" 404 299
::1 - - [11/Nov/2020:18:38:48 +0200] "GET /_wdt/5d40f1 HTTP/1.1" 404 299
::1 - - [11/Nov/2020:18:38:50 +0200] "GET /_wdt/5d40f1 HTTP/1.1" 404 299
